#
# A fatal error has been detected by the Java Runtime Environment:
#
#  SIGSEGV (0xb) at pc=0x000000010d30ea16, pid=23133, tid=0x0000000000002b03
#
# JRE version: OpenJDK Runtime Environment (8.0_222-b10) (build 1.8.0_222-b10)
# Java VM: OpenJDK 64-Bit Server VM (25.222-b10 mixed mode bsd-amd64 compressed oops)
# Problematic frame:
# V  [libjvm.dylib+0x2b8a16]  void PSParallelCompact::mark_and_push<unsigned int>(ParCompactionManager*, unsigned int*)+0x58
#
# Failed to write core dump. Core dumps have been disabled. To enable core dumping, try "ulimit -c unlimited" before starting Java again
#
# If you would like to submit a bug report, please visit:
#   http://bugreport.java.com/bugreport/crash.jsp
#

---------------  T H R E A D  ---------------

Current thread (0x00007f9cea80e800):  GCTaskThread [stack: 0x000070000ff04000,0x0000700010004000] [id=11011]

siginfo: si_signo: 11 (SIGSEGV), si_code: 0 (unknown), si_addr: 0x0000000000000000

Registers:
RAX=0x000000010eb2b000, RBX=0x00007f9ce9409460, RCX=0x03ffffffe2002000, RDX=0x1fffffff10010000
RSP=0x0000700010003bb0, RBP=0x0000700010003bd0, RSI=0x000000078619ae64, RDI=0x00007f9ce9409460
R8 =0x00000000000000c3, R9 =0x0000000000009cee, R10=0x0002810000401101, R11=0x0040000000000000
R12=0x00000000000000a9, R13=0x000000078619ae64, R14=0x0000000000080000, R15=0x00007f9ce9409460
RIP=0x000000010d30ea16, EFLAGS=0x0000000000010206, ERR=0x0000000000000000
  TRAPNO=0x000000000000000d

Top of Stack: (sp=0x0000700010003bb0)
0x0000700010003bb0:   0000700010003c18 000000078619abb0
0x0000700010003bc0:   0000000000000200 00007f9ce9409460
0x0000700010003bd0:   0000700010003c40 000000010d4aa67c
0x0000700010003be0:   0000000000000800 00007f9ce9409460
0x0000700010003bf0:   0000700010003c20 000000010d30ea53
0x0000700010003c00:   00007f9ce9409460 00007f9ce9409460
0x0000700010003c10:   00000007c0178858 000000078619abb0
0x0000700010003c20:   000000078619abb0 000000010d63aaf1
0x0000700010003c30:   00007f9ce9409460 00000007c0011340
0x0000700010003c40:   0000700010003c70 000000010d4a9a20
0x0000700010003c50:   0000000000000000 00007f9ce9409460
0x0000700010003c60:   00007f9ce9409468 000000010d84a160
0x0000700010003c70:   0000700010003d00 000000010d4eac4c
0x0000700010003c80:   0000000000000000 00007f9ce94094a0
0x0000700010003c90:   00007f9ce94094e8 00007f9ce9409520
0x0000700010003ca0:   0000700010003cd0 000000010d30eb33
0x0000700010003cb0:   000000078619abb0 0000700010003da8
0x0000700010003cc0:   0000000000000078 000000010d907490
0x0000700010003cd0:   0000700010003d00 00007f9ce9409460
0x0000700010003ce0:   0000000000000000 000000010d63aaf1
0x0000700010003cf0:   0000700010003da8 0000000000000001
0x0000700010003d00:   0000700010003dd0 000000010d4dd69f
0x0000700010003d10:   00007f9ce9402084 000000007fffff80
0x0000700010003d20:   0000000000000000 00007f9ce9402068
0x0000700010003d30:   0000700010003d80 00007fff745aacaa
0x0000700010003d40:   00007f9ce9402068 0000000000000001
0x0000700010003d50:   0000700000000000 00007f9ce9402000
0x0000700010003d60:   0000000000000000 000000010d6183ae
0x0000700010003d70:   00007f9ce9402028 0000000000000003
0x0000700010003d80:   0000700010003da0 000000010d4b5a2e
0x0000700010003d90:   000000010d8e0dd0 00007f9ce9709f00
0x0000700010003da0:   0000700010003da8 000000010d8e0da0 

Instructions: (pc=0x000000010d30ea16)
0x000000010d30e9f6:   10 48 c1 ea 03 48 8d 0d 56 75 52 00 8a 09 48 d3
0x000000010d30ea06:   ea 48 89 d1 48 83 e1 c0 48 c1 e9 03 48 8b 40 30
0x000000010d30ea16:   48 8b 04 08 48 0f a3 d0 72 5d 4c 89 f7 e8 6c ec
0x000000010d30ea26:   ee ff 4c 63 f8 48 8d 3d 6e 35 5e 00 4c 89 f6 4c 

Register to memory mapping:

RAX=0x000000010eb2b000 is an unknown value
RBX=0x00007f9ce9409460 is an unknown value
RCX=0x03ffffffe2002000 is an unknown value
RDX=0x1fffffff10010000 is an unknown value
RSP=0x0000700010003bb0 is an unknown value
RBP=0x0000700010003bd0 is an unknown value
RSI=0x000000078619ae64 is pointing into object: 0x000000078619abb0
[Ljava.lang.Object; 
 - klass: 'java/lang/Object'[]
 - length: 2048
RDI=0x00007f9ce9409460 is an unknown value
R8 =0x00000000000000c3 is an unknown value
R9 =0x0000000000009cee is an unknown value
R10=0x0002810000401101 is an unknown value
R11=0x0040000000000000 is an unknown value
R12=0x00000000000000a9 is an unknown value
R13=0x000000078619ae64 is pointing into object: 0x000000078619abb0
[Ljava.lang.Object; 
 - klass: 'java/lang/Object'[]
 - length: 2048
R14=0x0000000000080000 is an unknown value
R15=0x00007f9ce9409460 is an unknown value


Stack: [0x000070000ff04000,0x0000700010004000],  sp=0x0000700010003bb0,  free space=1022k
Native frames: (J=compiled Java code, j=interpreted, Vv=VM code, C=native code)
V  [libjvm.dylib+0x2b8a16]  void PSParallelCompact::mark_and_push<unsigned int>(ParCompactionManager*, unsigned int*)+0x58
V  [libjvm.dylib+0x45467c]  void ObjArrayKlass::objarray_follow_contents<unsigned int>(ParCompactionManager*, oopDesc*, int)+0x66
V  [libjvm.dylib+0x453a20]  ObjArrayKlass::oop_follow_contents(ParCompactionManager*, oopDesc*)+0x70
V  [libjvm.dylib+0x494c4c]  ParCompactionManager::follow_marking_stacks()+0xb4
V  [libjvm.dylib+0x48769f]  MarkFromRootsTask::do_it(GCTaskManager*, unsigned int)+0x1b9
V  [libjvm.dylib+0x2716c3]  GCTaskThread::run()+0x1a1
V  [libjvm.dylib+0x463efa]  java_start(Thread*)+0xf6
C  [libsystem_pthread.dylib+0x32eb]  _pthread_body+0x7e
C  [libsystem_pthread.dylib+0x6249]  _pthread_start+0x42
C  [libsystem_pthread.dylib+0x240d]  thread_start+0xd


---------------  P R O C E S S  ---------------

Java Threads: ( => current thread )
  0x00007f9ceca01800 JavaThread "pool-3-thread-1" [_thread_blocked, id=36875, stack(0x0000700012576000,0x0000700012676000)]
  0x00007f9cedc06000 JavaThread "ForkJoinPool.commonPool-worker-3" daemon [_thread_blocked, id=33539, stack(0x0000700013097000,0x0000700013197000)]
  0x00007f9cec819800 JavaThread "Cache worker for Java compile cache (/Users/sajjad/Desktop/Nomi/reactNativeSift/android/.gradle/4.10.2/javaCompile)" [_thread_blocked, id=30211, stack(0x0000700012f94000,0x0000700013094000)]
  0x00007f9ceb86e800 JavaThread "Cache worker for Java compile cache (/Users/sajjad/.gradle/caches/4.10.2/javaCompile)" [_thread_blocked, id=27143, stack(0x000070001277c000,0x000070001287c000)]
  0x00007f9cefadb000 JavaThread "stdout" daemon [_thread_in_native, id=34051, stack(0x0000700012e91000,0x0000700012f91000)]
  0x00007f9cee4fb800 JavaThread "stderr" daemon [_thread_in_native, id=34307, stack(0x0000700012d8e000,0x0000700012e8e000)]
  0x00007f9cefada800 JavaThread "stdout" daemon [_thread_in_native, id=29187, stack(0x0000700012c8b000,0x0000700012d8b000)]
  0x00007f9cefadd000 JavaThread "stderr" daemon [_thread_in_native, id=34563, stack(0x0000700012b88000,0x0000700012c88000)]
  0x00007f9cee4fb000 JavaThread "process reaper" daemon [_thread_in_native, id=28419, stack(0x000070000fbce000,0x000070000fbf6000)]
  0x00007f9cee4fa000 JavaThread "stdout" daemon [_thread_in_native, id=34819, stack(0x0000700012a85000,0x0000700012b85000)]
  0x00007f9cee4f9800 JavaThread "stderr" daemon [_thread_in_native, id=35075, stack(0x0000700012982000,0x0000700012a82000)]
  0x00007f9cefadf000 JavaThread "process reaper" daemon [_thread_in_native, id=35331, stack(0x000070000fba3000,0x000070000fbcb000)]
  0x00007f9cefade000 JavaThread "process reaper" daemon [_thread_in_native, id=35843, stack(0x000070000fb78000,0x000070000fba0000)]
  0x00007f9cee4f6800 JavaThread "pool-2-thread-1" [_thread_blocked, id=36355, stack(0x000070001287f000,0x000070001297f000)]
  0x00007f9cefd83800 JavaThread "Cache worker for Build Output Cleanup Cache (/Users/sajjad/Desktop/Nomi/reactNativeSift/android/.gradle/buildOutputCleanup)" [_thread_blocked, id=37891, stack(0x0000700012473000,0x0000700012573000)]
  0x00007f9cefd80800 JavaThread "Cache worker for task history cache (/Users/sajjad/Desktop/Nomi/reactNativeSift/android/.gradle/4.10.2/taskHistory)" [_thread_blocked, id=38403, stack(0x0000700012370000,0x0000700012470000)]
  0x00007f9cefd89000 JavaThread "Task worker for ':' Thread 3" [_thread_blocked, id=38659, stack(0x000070001226d000,0x000070001236d000)]
  0x00007f9cea5de800 JavaThread "Task worker for ':' Thread 2" [_thread_blocked, id=26115, stack(0x000070001216a000,0x000070001226a000)]
  0x00007f9cea5dc000 JavaThread "Task worker for ':'" [_thread_blocked, id=25603, stack(0x0000700012067000,0x0000700012167000)]
  0x00007f9cecce8000 JavaThread "Cache worker for file content cache (/Users/sajjad/Desktop/Nomi/reactNativeSift/android/.gradle/4.10.2/fileContent)" [_thread_blocked, id=25347, stack(0x0000700011f64000,0x0000700012064000)]
  0x00007f9cebcba000 JavaThread "Cache worker for file content cache (/Users/sajjad/.gradle/caches/4.10.2/fileContent)" [_thread_blocked, id=25091, stack(0x0000700011e61000,0x0000700011f61000)]
  0x00007f9cea5f1800 JavaThread "Memory manager" [_thread_blocked, id=19723, stack(0x0000700011d5e000,0x0000700011e5e000)]
  0x00007f9ceb1d5800 JavaThread "Build operations Thread 4" [_thread_blocked, id=24323, stack(0x0000700011c5b000,0x0000700011d5b000)]
  0x00007f9cef2a9800 JavaThread "Build operations Thread 3" [_thread_blocked, id=24067, stack(0x0000700011b58000,0x0000700011c58000)]
  0x00007f9cee731000 JavaThread "Build operations Thread 2" [_thread_blocked, id=39683, stack(0x0000700011a55000,0x0000700011b55000)]
  0x00007f9ceaa7f000 JavaThread "Build operations" [_thread_blocked, id=40195, stack(0x0000700011952000,0x0000700011a52000)]
  0x00007f9cee719800 JavaThread "Cache worker for Artifact transforms cache (/Users/sajjad/.gradle/caches/transforms-1)" [_thread_blocked, id=40707, stack(0x000070001184f000,0x000070001194f000)]
  0x00007f9cee71c800 JavaThread "Cache worker for cache directory md-rule (/Users/sajjad/.gradle/caches/4.10.2/md-rule)" [_thread_blocked, id=41219, stack(0x000070001174c000,0x000070001184c000)]
  0x00007f9ceac72800 JavaThread "Cache worker for cache directory md-supplier (/Users/sajjad/.gradle/caches/4.10.2/md-supplier)" [_thread_blocked, id=41731, stack(0x0000700011649000,0x0000700011749000)]
  0x00007f9cebc81800 JavaThread "Cache worker for journal cache (/Users/sajjad/.gradle/caches/journal-1)" [_thread_blocked, id=41987, stack(0x0000700011546000,0x0000700011646000)]
  0x00007f9cead32000 JavaThread "Cache worker for file hash cache (/Users/sajjad/Desktop/Nomi/reactNativeSift/android/.gradle/4.10.2/fileHashes)" [_thread_blocked, id=42499, stack(0x0000700011443000,0x0000700011543000)]
  0x00007f9cea358000 JavaThread "File lock request listener" [_thread_in_native, id=23043, stack(0x0000700011340000,0x0000700011440000)]
  0x00007f9ce9bbb000 JavaThread "Cache worker for file hash cache (/Users/sajjad/.gradle/caches/4.10.2/fileHashes)" [_thread_blocked, id=42755, stack(0x000070001123d000,0x000070001133d000)]
  0x00007f9cead34000 JavaThread "Stdin handler" [_thread_blocked, id=22531, stack(0x000070001113a000,0x000070001123a000)]
  0x00007f9cea336800 JavaThread "Asynchronous log dispatcher for DefaultDaemonConnection: socket connection from /0:0:0:0:0:0:0:1:55889 to /0:0:0:0:0:0:0:1:55890" [_thread_blocked, id=22019, stack(0x0000700011037000,0x0000700011137000)]
  0x00007f9cead2d000 JavaThread "Daemon worker" [_thread_blocked, id=21763, stack(0x0000700010f34000,0x0000700011034000)]
  0x00007f9cead06800 JavaThread "Cancel handler" [_thread_blocked, id=15875, stack(0x0000700010e31000,0x0000700010f31000)]
  0x00007f9ce9bc7000 JavaThread "Handler for socket connection from /0:0:0:0:0:0:0:1:55889 to /0:0:0:0:0:0:0:1:55890" [_thread_in_native, id=15363, stack(0x0000700010d2e000,0x0000700010e2e000)]
  0x00007f9ce9bbf800 JavaThread "Daemon" [_thread_blocked, id=15107, stack(0x0000700010c2b000,0x0000700010d2b000)]
  0x00007f9ceb863000 JavaThread "Daemon periodic checks" [_thread_blocked, id=16899, stack(0x0000700010b28000,0x0000700010c28000)]
  0x00007f9cea324000 JavaThread "Incoming local TCP Connector on port 55889" [_thread_in_native, id=17155, stack(0x0000700010a25000,0x0000700010b25000)]
  0x00007f9cea814000 JavaThread "Service Thread" daemon [_thread_blocked, id=17667, stack(0x000070001081f000,0x000070001091f000)]
  0x00007f9ceb053000 JavaThread "C1 CompilerThread2" daemon [_thread_blocked, id=17923, stack(0x000070001071c000,0x000070001081c000)]
  0x00007f9ceb052800 JavaThread "C2 CompilerThread1" daemon [_thread_blocked, id=13827, stack(0x0000700010619000,0x0000700010719000)]
  0x00007f9cea005000 JavaThread "C2 CompilerThread0" daemon [_thread_in_native, id=13315, stack(0x0000700010516000,0x0000700010616000)]
  0x00007f9ceb04b000 JavaThread "Signal Dispatcher" daemon [_thread_blocked, id=18691, stack(0x0000700010413000,0x0000700010513000)]
  0x00007f9cea813000 JavaThread "Finalizer" daemon [_thread_blocked, id=20995, stack(0x0000700010310000,0x0000700010410000)]
  0x00007f9ceb041800 JavaThread "Reference Handler" daemon [_thread_blocked, id=12035, stack(0x000070001020d000,0x000070001030d000)]
  0x00007f9cea802000 JavaThread "main" [_thread_blocked, id=6147, stack(0x000070000fbfb000,0x000070000fcfb000)]

Other Threads:
  0x00007f9ceb03f000 VMThread [stack: 0x000070001010a000,0x000070001020a000] [id=21251]
  0x00007f9cea82d000 WatcherThread [stack: 0x0000700010922000,0x0000700010a22000] [id=14339]

=>0x00007f9cea80e800 (exited) GCTaskThread [stack: 0x000070000ff04000,0x0000700010004000] [id=11011]

VM state:at safepoint (normal execution)

VM Mutex/Monitor currently owned by a thread:  ([mutex/lock_event])
[0x00007f9ce950f870] Threads_lock - owner thread: 0x00007f9ceb03f000
[0x00007f9ce950fd70] Heap_lock - owner thread: 0x00007f9ceca01800

heap address: 0x0000000780000000, size: 1024 MB, Compressed Oops mode: Zero based, Oop shift amount: 3
Narrow klass base: 0x0000000000000000, Narrow klass shift: 3
Compressed class space size: 1073741824 Address: 0x00000007c0000000

Heap:
 PSYoungGen      total 255488K, used 48584K [0x00000007aab00000, 0x00000007c0000000, 0x00000007c0000000)
  eden space 203776K, 0% used [0x00000007aab00000,0x00000007aab00000,0x00000007b7200000)
  from space 51712K, 93% used [0x00000007bcd80000,0x00000007bfcf21f0,0x00000007c0000000)
  to   space 72704K, 0% used [0x00000007b7200000,0x00000007b7200000,0x00000007bb900000)
 ParOldGen       total 263680K, used 231540K [0x0000000780000000, 0x0000000790180000, 0x00000007aab00000)
  object space 263680K, 87% used [0x0000000780000000,0x000000078e21d018,0x0000000790180000)
 Metaspace       used 84608K, capacity 87672K, committed 87848K, reserved 1126400K
  class space    used 10901K, capacity 11534K, committed 11568K, reserved 1048576K

Card table byte_map: [0x000000010e7d4000,0x000000010e9d5000] byte_map_base: 0x000000010abd4000

Marking Bits: (ParMarkBitMap*) 0x000000010d8f1fa0
 Begin Bits: [0x000000010eb2b000, 0x000000010fb2b000)
 End Bits:   [0x000000010fb2b000, 0x0000000110b2b000)

Polling page: 0x000000010dbb7000

CodeCache: size=245760Kb used=44022Kb max_used=44022Kb free=201737Kb
 bounds [0x0000000118edb000, 0x000000011ba1b000, 0x0000000127edb000]
 total_blobs=15334 nmethods=14453 adapters=792
 compilation: enabled

Compilation events (10 events):
Event: 54.164 Thread 0x00007f9ceb053000 17354       3       com.android.tools.build.apkzlib.bytestorage.InMemoryByteStorage$2::doWrite (20 bytes)
Event: 54.164 Thread 0x00007f9ceb053000 nmethod 17354 0x0000000119f71c90 code [0x0000000119f71e20, 0x0000000119f72308]
Event: 54.164 Thread 0x00007f9ceb053000 17353       3       com.android.tools.build.apkzlib.bytestorage.AbstractCloseableByteSourceFromOutputStreamBuilder::write (23 bytes)
Event: 54.165 Thread 0x00007f9ceb053000 nmethod 17353 0x000000011b19ea90 code [0x000000011b19ec20, 0x000000011b19efd8]
Event: 54.192 Thread 0x00007f9ceb053000 17355       3       java.util.zip.Deflater::ensureOpen (47 bytes)
Event: 54.192 Thread 0x00007f9ceb053000 nmethod 17355 0x0000000119f71710 code [0x0000000119f718a0, 0x0000000119f71b88]
Event: 54.201 Thread 0x00007f9ceb053000 17356       3       java.util.zip.DeflaterOutputStream::deflate (36 bytes)
Event: 54.202 Thread 0x00007f9ceb053000 nmethod 17356 0x000000011b19e450 code [0x000000011b19e5e0, 0x000000011b19e938]
Event: 54.209 Thread 0x00007f9ceb053000 17357   !   3       java.util.zip.Deflater::deflate (140 bytes)
Event: 54.210 Thread 0x00007f9ceb053000 nmethod 17357 0x0000000119f70150 code [0x0000000119f70340, 0x0000000119f70b68]

GC Heap History (10 events):
Event: 46.513 GC heap after
Heap after GC invocations=31 (full 3):
 PSYoungGen      total 294912K, used 3228K [0x00000007aab00000, 0x00000007bfb00000, 0x00000007c0000000)
  eden space 246784K, 0% used [0x00000007aab00000,0x00000007aab00000,0x00000007b9c00000)
  from space 48128K, 6% used [0x00000007bcc00000,0x00000007bcf27058,0x00000007bfb00000)
  to   space 48640K, 0% used [0x00000007b9c00000,0x00000007b9c00000,0x00000007bcb80000)
 ParOldGen       total 263680K, used 165154K [0x0000000780000000, 0x0000000790180000, 0x00000007aab00000)
  object space 263680K, 62% used [0x0000000780000000,0x000000078a1488a0,0x0000000790180000)
 Metaspace       used 82306K, capacity 84964K, committed 85288K, reserved 1124352K
  class space    used 10608K, capacity 11190K, committed 11312K, reserved 1048576K
}
Event: 48.560 GC heap before
{Heap before GC invocations=32 (full 3):
 PSYoungGen      total 294912K, used 250012K [0x00000007aab00000, 0x00000007bfb00000, 0x00000007c0000000)
  eden space 246784K, 100% used [0x00000007aab00000,0x00000007b9c00000,0x00000007b9c00000)
  from space 48128K, 6% used [0x00000007bcc00000,0x00000007bcf27058,0x00000007bfb00000)
  to   space 48640K, 0% used [0x00000007b9c00000,0x00000007b9c00000,0x00000007bcb80000)
 ParOldGen       total 263680K, used 165154K [0x0000000780000000, 0x0000000790180000, 0x00000007aab00000)
  object space 263680K, 62% used [0x0000000780000000,0x000000078a1488a0,0x0000000790180000)
 Metaspace       used 82868K, capacity 85520K, committed 85800K, reserved 1124352K
  class space    used 10659K, capacity 11248K, committed 11312K, reserved 1048576K
Event: 48.593 GC heap after
Heap after GC invocations=32 (full 3):
 PSYoungGen      total 295424K, used 31809K [0x00000007aab00000, 0x00000007c0000000, 0x00000007c0000000)
  eden space 246784K, 0% used [0x00000007aab00000,0x00000007aab00000,0x00000007b9c00000)
  from space 48640K, 65% used [0x00000007b9c00000,0x00000007bbb10478,0x00000007bcb80000)
  to   space 51712K, 0% used [0x00000007bcd80000,0x00000007bcd80000,0x00000007c0000000)
 ParOldGen       total 263680K, used 165162K [0x0000000780000000, 0x0000000790180000, 0x00000007aab00000)
  object space 263680K, 62% used [0x0000000780000000,0x000000078a14a8a0,0x0000000790180000)
 Metaspace       used 82868K, capacity 85520K, committed 85800K, reserved 1124352K
  class space    used 10659K, capacity 11248K, committed 11312K, reserved 1048576K
}
Event: 52.420 GC heap before
{Heap before GC invocations=33 (full 3):
 PSYoungGen      total 295424K, used 278593K [0x00000007aab00000, 0x00000007c0000000, 0x00000007c0000000)
  eden space 246784K, 100% used [0x00000007aab00000,0x00000007b9c00000,0x00000007b9c00000)
  from space 48640K, 65% used [0x00000007b9c00000,0x00000007bbb10478,0x00000007bcb80000)
  to   space 51712K, 0% used [0x00000007bcd80000,0x00000007bcd80000,0x00000007c0000000)
 ParOldGen       total 263680K, used 165162K [0x0000000780000000, 0x0000000790180000, 0x00000007aab00000)
  object space 263680K, 62% used [0x0000000780000000,0x000000078a14a8a0,0x0000000790180000)
 Metaspace       used 83914K, capacity 86788K, committed 86952K, reserved 1124352K
  class space    used 10796K, capacity 11414K, committed 11440K, reserved 1048576K
Event: 52.430 GC heap after
Heap after GC invocations=33 (full 3):
 PSYoungGen      total 298496K, used 6718K [0x00000007aab00000, 0x00000007bff00000, 0x00000007c0000000)
  eden space 247808K, 0% used [0x00000007aab00000,0x00000007aab00000,0x00000007b9d00000)
  from space 50688K, 13% used [0x00000007bcd80000,0x00000007bd40fba8,0x00000007bff00000)
  to   space 49664K, 0% used [0x00000007b9d00000,0x00000007b9d00000,0x00000007bcd80000)
 ParOldGen       total 263680K, used 165170K [0x0000000780000000, 0x0000000790180000, 0x00000007aab00000)
  object space 263680K, 62% used [0x0000000780000000,0x000000078a14c8a0,0x0000000790180000)
 Metaspace       used 83914K, capacity 86788K, committed 86952K, reserved 1124352K
  class space    used 10796K, capacity 11414K, committed 11440K, reserved 1048576K
}
Event: 53.113 GC heap before
{Heap before GC invocations=34 (full 3):
 PSYoungGen      total 298496K, used 244755K [0x00000007aab00000, 0x00000007bff00000, 0x00000007c0000000)
  eden space 247808K, 96% used [0x00000007aab00000,0x00000007b93751f0,0x00000007b9d00000)
  from space 50688K, 13% used [0x00000007bcd80000,0x00000007bd40fba8,0x00000007bff00000)
  to   space 49664K, 0% used [0x00000007b9d00000,0x00000007b9d00000,0x00000007bcd80000)
 ParOldGen       total 263680K, used 165170K [0x0000000780000000, 0x0000000790180000, 0x00000007aab00000)
  object space 263680K, 62% used [0x0000000780000000,0x000000078a14c8a0,0x0000000790180000)
 Metaspace       used 84571K, capacity 87586K, committed 87848K, reserved 1126400K
  class space    used 10898K, capacity 11529K, committed 11568K, reserved 1048576K
Event: 53.149 GC heap after
Heap after GC invocations=34 (full 3):
 PSYoungGen      total 297472K, used 49635K [0x00000007aab00000, 0x00000007c0000000, 0x00000007c0000000)
  eden space 247808K, 0% used [0x00000007aab00000,0x00000007aab00000,0x00000007b9d00000)
  from space 49664K, 99% used [0x00000007b9d00000,0x00000007bcd78f60,0x00000007bcd80000)
  to   space 51712K, 0% used [0x00000007bcd80000,0x00000007bcd80000,0x00000007c0000000)
 ParOldGen       total 263680K, used 185719K [0x0000000780000000, 0x0000000790180000, 0x00000007aab00000)
  object space 263680K, 70% used [0x0000000780000000,0x000000078b55df08,0x0000000790180000)
 Metaspace       used 84571K, capacity 87586K, committed 87848K, reserved 1126400K
  class space    used 10898K, capacity 11529K, committed 11568K, reserved 1048576K
}
Event: 54.291 GC heap before
{Heap before GC invocations=35 (full 3):
 PSYoungGen      total 297472K, used 294787K [0x00000007aab00000, 0x00000007c0000000, 0x00000007c0000000)
  eden space 247808K, 98% used [0x00000007aab00000,0x00000007b9a68088,0x00000007b9d00000)
  from space 49664K, 99% used [0x00000007b9d00000,0x00000007bcd78f60,0x00000007bcd80000)
  to   space 51712K, 0% used [0x00000007bcd80000,0x00000007bcd80000,0x00000007c0000000)
 ParOldGen       total 263680K, used 185719K [0x0000000780000000, 0x0000000790180000, 0x00000007aab00000)
  object space 263680K, 70% used [0x0000000780000000,0x000000078b55df08,0x0000000790180000)
 Metaspace       used 84608K, capacity 87672K, committed 87848K, reserved 1126400K
  class space    used 10901K, capacity 11534K, committed 11568K, reserved 1048576K
Event: 54.345 GC heap after
Heap after GC invocations=35 (full 3):
 PSYoungGen      total 255488K, used 48584K [0x00000007aab00000, 0x00000007c0000000, 0x00000007c0000000)
  eden space 203776K, 0% used [0x00000007aab00000,0x00000007aab00000,0x00000007b7200000)
  from space 51712K, 93% used [0x00000007bcd80000,0x00000007bfcf21f0,0x00000007c0000000)
  to   space 72704K, 0% used [0x00000007b7200000,0x00000007b7200000,0x00000007bb900000)
 ParOldGen       total 263680K, used 231540K [0x0000000780000000, 0x0000000790180000, 0x00000007aab00000)
  object space 263680K, 87% used [0x0000000780000000,0x000000078e21d018,0x0000000790180000)
 Metaspace       used 84608K, capacity 87672K, committed 87848K, reserved 1126400K
  class space    used 10901K, capacity 11534K, committed 11568K, reserved 1048576K
}
Event: 54.345 GC heap before
{Heap before GC invocations=36 (full 4):
 PSYoungGen      total 255488K, used 48584K [0x00000007aab00000, 0x00000007c0000000, 0x00000007c0000000)
  eden space 203776K, 0% used [0x00000007aab00000,0x00000007aab00000,0x00000007b7200000)
  from space 51712K, 93% used [0x00000007bcd80000,0x00000007bfcf21f0,0x00000007c0000000)
  to   space 72704K, 0% used [0x00000007b7200000,0x00000007b7200000,0x00000007bb900000)
 ParOldGen       total 263680K, used 231540K [0x0000000780000000, 0x0000000790180000, 0x00000007aab00000)
  object space 263680K, 87% used [0x0000000780000000,0x000000078e21d018,0x0000000790180000)
 Metaspace       used 84608K, capacity 87672K, committed 87848K, reserved 1126400K
  class space    used 10901K, capacity 11534K, committed 11568K, reserved 1048576K

Deoptimization events (10 events):
Event: 52.758 Thread 0x00007f9cedc06000 Uncommon trap: reason=bimorphic action=maybe_recompile pc=0x000000011a38eecc method=com.google.common.collect.TransformedIterator.next()Ljava/lang/Object; @ 5
Event: 52.758 Thread 0x00007f9cedc06000 Uncommon trap: reason=bimorphic action=maybe_recompile pc=0x000000011a362a8c method=com.google.common.collect.TransformedIterator.hasNext()Z @ 4
Event: 52.762 Thread 0x00007f9cedc06000 Uncommon trap: reason=bimorphic action=maybe_recompile pc=0x000000011a362a8c method=com.google.common.collect.TransformedIterator.hasNext()Z @ 4
Event: 52.762 Thread 0x00007f9cedc06000 Uncommon trap: reason=bimorphic action=maybe_recompile pc=0x000000011a38eecc method=com.google.common.collect.TransformedIterator.next()Ljava/lang/Object; @ 5
Event: 52.762 Thread 0x00007f9cedc06000 Uncommon trap: reason=bimorphic action=maybe_recompile pc=0x000000011a38eecc method=com.google.common.collect.TransformedIterator.next()Ljava/lang/Object; @ 5
Event: 52.763 Thread 0x00007f9cedc06000 Uncommon trap: reason=bimorphic action=maybe_recompile pc=0x000000011a38eecc method=com.google.common.collect.TransformedIterator.next()Ljava/lang/Object; @ 5
Event: 52.813 Thread 0x00007f9cedc06000 Uncommon trap: reason=bimorphic action=maybe_recompile pc=0x00000001199fb9c0 method=java.io.DataInputStream.readUnsignedShort()I @ 4
Event: 52.813 Thread 0x00007f9cedc06000 Uncommon trap: reason=bimorphic action=maybe_recompile pc=0x00000001199fb9c0 method=java.io.DataInputStream.readUnsignedShort()I @ 4
Event: 52.869 Thread 0x00007f9cedc06000 Uncommon trap: reason=class_check action=maybe_recompile pc=0x00000001196a7ba0 method=java.lang.Throwable.<init>(Ljava/lang/String;Ljava/lang/Throwable;)V @ 24
Event: 54.038 Thread 0x00007f9cedc06000 Uncommon trap: reason=class_check action=maybe_recompile pc=0x0000000119f74938 method=java.util.Collection.stream()Ljava/util/stream/Stream; @ 1

Classes redefined (0 events):
No events

Internal exceptions (10 events):
Event: 49.941 Thread 0x00007f9cead2d000 Exception <a 'java/lang/NoSuchMethodError': java.lang.Object.newSystemTemporaryDirectory()Lcom/android/tools/build/apkzlib/bytestorage/TemporaryDirectory;> (0x00000007b27af458) thrown at [/Users/jenkins/workspace/build-scripts/jobs/jdk8u/jdk8u-mac-x64-hot
Event: 51.405 Thread 0x00007f9cead2d000 Implicit null exception at 0x000000011979459d to 0x000000011979485d
Event: 51.408 Thread 0x00007f9cead2d000 Exception <a 'java/lang/NoSuchMethodError': <clinit>> (0x00000007b691db18) thrown at [/Users/jenkins/workspace/build-scripts/jobs/jdk8u/jdk8u-mac-x64-hotspot/workspace/build/src/hotspot/src/share/vm/prims/jni.cpp, line 1615]
Event: 51.966 Thread 0x00007f9cea5de800 Exception <a 'sun/nio/fs/UnixException'> (0x00000007b6e91fb0) thrown at [/Users/jenkins/workspace/build-scripts/jobs/jdk8u/jdk8u-mac-x64-hotspot/workspace/build/src/hotspot/src/share/vm/prims/jni.cpp, line 710]
Event: 52.672 Thread 0x00007f9cea5de800 Implicit null exception at 0x000000011a19b828 to 0x000000011a19c0c9
Event: 52.753 Thread 0x00007f9cedc06000 Exception <a 'sun/nio/fs/UnixException'> (0x00000007adbd4608) thrown at [/Users/jenkins/workspace/build-scripts/jobs/jdk8u/jdk8u-mac-x64-hotspot/workspace/build/src/hotspot/src/share/vm/prims/jni.cpp, line 710]
Event: 52.753 Thread 0x00007f9cedc06000 Exception <a 'sun/nio/fs/UnixException'> (0x00000007adbd4bb0) thrown at [/Users/jenkins/workspace/build-scripts/jobs/jdk8u/jdk8u-mac-x64-hotspot/workspace/build/src/hotspot/src/share/vm/prims/jni.cpp, line 710]
Event: 52.831 Thread 0x00007f9cedc06000 Exception <a 'java/lang/ClassNotFoundException': org/gradle/api/plugins/JavaPluginConventionBeanInfo> (0x00000007ae02c118) thrown at [/Users/jenkins/workspace/build-scripts/jobs/jdk8u/jdk8u-mac-x64-hotspot/workspace/build/src/hotspot/src/share/vm/classfil
Event: 52.832 Thread 0x00007f9cedc06000 Exception <a 'java/lang/ClassNotFoundException': org/gradle/api/plugins/JavaPluginConventionCustomizer> (0x00000007ae06a248) thrown at [/Users/jenkins/workspace/build-scripts/jobs/jdk8u/jdk8u-mac-x64-hotspot/workspace/build/src/hotspot/src/share/vm/classf
Event: 52.874 Thread 0x00007f9cedc06000 Exception <a 'java/lang/NoSuchMethodError': java.lang.Object.lambda$comparing$ea9a8b3a$1(Ljava/util/Comparator;Ljava/util/function/Function;Ljava/lang/Object;Ljava/lang/Object;)I> (0x00000007ae1f6c78) thrown at [/Users/jenkins/workspace/build-scripts/jobs

Events (10 events):
Event: 53.895 Executing VM operation: RevokeBias
Event: 53.896 Executing VM operation: RevokeBias done
Event: 53.901 Executing VM operation: RevokeBias
Event: 53.902 Executing VM operation: RevokeBias done
Event: 53.920 Executing VM operation: RevokeBias
Event: 53.923 Executing VM operation: RevokeBias done
Event: 54.038 Thread 0x00007f9cedc06000 Uncommon trap: trap_request=0xffffffde fr.pc=0x0000000119f74938
Event: 54.038 Thread 0x00007f9cedc06000 DEOPT PACKING pc=0x0000000119f74938 sp=0x0000700013196260
Event: 54.038 Thread 0x00007f9cedc06000 DEOPT UNPACKING pc=0x0000000118f2047a sp=0x0000700013196238 mode 2
Event: 54.290 Executing VM operation: ParallelGCFailedAllocation


Dynamic libraries:
0x00007fff47bbd000 	/System/Library/Frameworks/Cocoa.framework/Versions/A/Cocoa
0x00007fff53905000 	/System/Library/Frameworks/Security.framework/Versions/A/Security
0x00007fff46852000 	/System/Library/Frameworks/ApplicationServices.framework/Versions/A/ApplicationServices
0x00007fff73a42000 	/usr/lib/libz.1.dylib
0x00007fff71325000 	/usr/lib/libSystem.B.dylib
0x00007fff72bdc000 	/usr/lib/libobjc.A.dylib
0x00007fff4a652000 	/System/Library/Frameworks/Foundation.framework/Versions/C/Foundation
0x00007fff483b3000 	/System/Library/Frameworks/CoreFoundation.framework/Versions/A/CoreFoundation
0x00007fff45a4b000 	/System/Library/Frameworks/AppKit.framework/Versions/C/AppKit
0x00007fff47f38000 	/System/Library/Frameworks/CoreData.framework/Versions/A/CoreData
0x00007fff6adf8000 	/System/Library/PrivateFrameworks/RemoteViewServices.framework/Versions/A/RemoteViewServices
0x00007fff6f065000 	/System/Library/PrivateFrameworks/UIFoundation.framework/Versions/A/UIFoundation
0x00007fff70747000 	/System/Library/PrivateFrameworks/XCTTargetBootstrap.framework/Versions/A/XCTTargetBootstrap
0x00007fff482cb000 	/System/Library/Frameworks/CoreDisplay.framework/Versions/A/CoreDisplay
0x00007fff65b4b000 	/System/Library/PrivateFrameworks/IconServices.framework/Versions/A/IconServices
0x00007fff4cf7b000 	/System/Library/Frameworks/Metal.framework/Versions/A/Metal
0x00007fff5d0c6000 	/System/Library/PrivateFrameworks/DesktopServicesPriv.framework/Versions/A/DesktopServicesPriv
0x00007fff71f3f000 	/usr/lib/libenergytrace.dylib
0x00007fff6d54e000 	/System/Library/PrivateFrameworks/SkyLight.framework/Versions/A/SkyLight
0x00007fff487f9000 	/System/Library/Frameworks/CoreGraphics.framework/Versions/A/CoreGraphics
0x00007fff44635000 	/System/Library/Frameworks/Accelerate.framework/Versions/A/Accelerate
0x00007fff4ad9a000 	/System/Library/Frameworks/IOSurface.framework/Versions/A/IOSurface
0x00007fff5cf32000 	/System/Library/PrivateFrameworks/DFRFoundation.framework/Versions/A/DFRFoundation
0x00007fff46d35000 	/System/Library/Frameworks/AudioToolbox.framework/Versions/A/AudioToolbox
0x00007fff46fae000 	/System/Library/Frameworks/AudioUnit.framework/Versions/A/AudioUnit
0x00007fff5cfc7000 	/System/Library/PrivateFrameworks/DataDetectorsCore.framework/Versions/A/DataDetectorsCore
0x00007fff476c1000 	/System/Library/Frameworks/Carbon.framework/Versions/A/Frameworks/HIToolbox.framework/Versions/A/HIToolbox
0x00007fff72098000 	/usr/lib/libicucore.A.dylib
0x00007fff52e7a000 	/System/Library/Frameworks/QuartzCore.framework/Versions/A/QuartzCore
0x00007fff47a95000 	/System/Library/Frameworks/Carbon.framework/Versions/A/Frameworks/SpeechRecognition.framework/Versions/A/SpeechRecognition
0x00007fff714f9000 	/usr/lib/libauto.dylib
0x00007fff73936000 	/usr/lib/libxml2.2.dylib
0x00007fff5cb0f000 	/System/Library/PrivateFrameworks/CoreUI.framework/Versions/A/CoreUI
0x00007fff47e23000 	/System/Library/Frameworks/CoreAudio.framework/Versions/A/CoreAudio
0x00007fff4a487000 	/System/Library/Frameworks/DiskArbitration.framework/Versions/A/DiskArbitration
0x00007fff72346000 	/usr/lib/liblangid.dylib
0x00007fff66f59000 	/System/Library/PrivateFrameworks/MultitouchSupport.framework/Versions/A/MultitouchSupport
0x00007fff4ad09000 	/System/Library/Frameworks/IOKit.framework/Versions/A/IOKit
0x00007fff70ee6000 	/usr/lib/libDiagnosticMessagesClient.dylib
0x00007fff49625000 	/System/Library/Frameworks/CoreServices.framework/Versions/A/CoreServices
0x00007fff68c00000 	/System/Library/PrivateFrameworks/PerformanceAnalysis.framework/Versions/A/PerformanceAnalysis
0x00007fff52068000 	/System/Library/Frameworks/OpenGL.framework/Versions/A/OpenGL
0x00007fff47bcb000 	/System/Library/Frameworks/ColorSync.framework/Versions/A/ColorSync
0x00007fff48ea7000 	/System/Library/Frameworks/CoreImage.framework/Versions/A/CoreImage
0x00007fff49ffe000 	/System/Library/Frameworks/CoreText.framework/Versions/A/CoreText
0x00007fff4adfd000 	/System/Library/Frameworks/ImageIO.framework/Versions/A/ImageIO
0x00007fff59164000 	/System/Library/PrivateFrameworks/Backup.framework/Versions/A/Backup
0x00007fff713cc000 	/usr/lib/libarchive.2.dylib
0x00007fff47306000 	/System/Library/Frameworks/CFNetwork.framework/Versions/A/CFNetwork
0x00007fff5405f000 	/System/Library/Frameworks/SystemConfiguration.framework/Versions/A/SystemConfiguration
0x00007fff70e17000 	/usr/lib/libCRFSuite.dylib
0x00007fff715e8000 	/usr/lib/libc++.1.dylib
0x00007fff7163c000 	/usr/lib/libc++abi.dylib
0x00007fff74238000 	/usr/lib/system/libcache.dylib
0x00007fff7423d000 	/usr/lib/system/libcommonCrypto.dylib
0x00007fff74248000 	/usr/lib/system/libcompiler_rt.dylib
0x00007fff74250000 	/usr/lib/system/libcopyfile.dylib
0x00007fff7425a000 	/usr/lib/system/libcorecrypto.dylib
0x00007fff74365000 	/usr/lib/system/libdispatch.dylib
0x00007fff7439f000 	/usr/lib/system/libdyld.dylib
0x00007fff743cc000 	/usr/lib/system/libkeymgr.dylib
0x00007fff743da000 	/usr/lib/system/liblaunch.dylib
0x00007fff743db000 	/usr/lib/system/libmacho.dylib
0x00007fff743e1000 	/usr/lib/system/libquarantine.dylib
0x00007fff743e4000 	/usr/lib/system/libremovefile.dylib
0x00007fff743e6000 	/usr/lib/system/libsystem_asl.dylib
0x00007fff743fe000 	/usr/lib/system/libsystem_blocks.dylib
0x00007fff743ff000 	/usr/lib/system/libsystem_c.dylib
0x00007fff74487000 	/usr/lib/system/libsystem_configuration.dylib
0x00007fff7448b000 	/usr/lib/system/libsystem_coreservices.dylib
0x00007fff7448f000 	/usr/lib/system/libsystem_darwin.dylib
0x00007fff74496000 	/usr/lib/system/libsystem_dnssd.dylib
0x00007fff7449d000 	/usr/lib/system/libsystem_info.dylib
0x00007fff74512000 	/usr/lib/system/libsystem_m.dylib
0x00007fff7455e000 	/usr/lib/system/libsystem_malloc.dylib
0x00007fff74589000 	/usr/lib/system/libsystem_networkextension.dylib
0x00007fff74594000 	/usr/lib/system/libsystem_notify.dylib
0x00007fff745b1000 	/usr/lib/system/libsystem_sandbox.dylib
0x00007fff745b5000 	/usr/lib/system/libsystem_secinit.dylib
0x00007fff744e9000 	/usr/lib/system/libsystem_kernel.dylib
0x00007fff7459c000 	/usr/lib/system/libsystem_platform.dylib
0x00007fff745a6000 	/usr/lib/system/libsystem_pthread.dylib
0x00007fff745b8000 	/usr/lib/system/libsystem_symptoms.dylib
0x00007fff745c0000 	/usr/lib/system/libsystem_trace.dylib
0x00007fff745d7000 	/usr/lib/system/libunwind.dylib
0x00007fff745dd000 	/usr/lib/system/libxpc.dylib
0x00007fff715c9000 	/usr/lib/libbsm.0.dylib
0x00007fff743cd000 	/usr/lib/system/libkxld.dylib
0x00007fff58555000 	/System/Library/PrivateFrameworks/AppleFSCompression.framework/Versions/A/AppleFSCompression
0x00007fff711e5000 	/usr/lib/libOpenScriptingUtil.dylib
0x00007fff718f1000 	/usr/lib/libcoretls.dylib
0x00007fff71908000 	/usr/lib/libcoretls_cfhelpers.dylib
0x00007fff73376000 	/usr/lib/libpam.2.dylib
0x00007fff73536000 	/usr/lib/libsqlite3.dylib
0x00007fff73924000 	/usr/lib/libxar.1.dylib
0x00007fff715da000 	/usr/lib/libbz2.1.0.dylib
0x00007fff72348000 	/usr/lib/liblzma.5.dylib
0x00007fff727f9000 	/usr/lib/libnetwork.dylib
0x00007fff713b5000 	/usr/lib/libapple_nghttp2.dylib
0x00007fff7337d000 	/usr/lib/libpcap.A.dylib
0x00007fff499c4000 	/System/Library/Frameworks/CoreServices.framework/Versions/A/Frameworks/FSEvents.framework/Versions/A/FSEvents
0x00007fff496a3000 	/System/Library/Frameworks/CoreServices.framework/Versions/A/Frameworks/CarbonCore.framework/Versions/A/CarbonCore
0x00007fff49b80000 	/System/Library/Frameworks/CoreServices.framework/Versions/A/Frameworks/Metadata.framework/Versions/A/Metadata
0x00007fff49c1f000 	/System/Library/Frameworks/CoreServices.framework/Versions/A/Frameworks/OSServices.framework/Versions/A/OSServices
0x00007fff49c6a000 	/System/Library/Frameworks/CoreServices.framework/Versions/A/Frameworks/SearchKit.framework/Versions/A/SearchKit
0x00007fff49626000 	/System/Library/Frameworks/CoreServices.framework/Versions/A/Frameworks/AE.framework/Versions/A/AE
0x00007fff499cd000 	/System/Library/Frameworks/CoreServices.framework/Versions/A/Frameworks/LaunchServices.framework/Versions/A/LaunchServices
0x00007fff4997b000 	/System/Library/Frameworks/CoreServices.framework/Versions/A/Frameworks/DictionaryServices.framework/Versions/A/DictionaryServices
0x00007fff49cd2000 	/System/Library/Frameworks/CoreServices.framework/Versions/A/Frameworks/SharedFileList.framework/Versions/A/SharedFileList
0x00007fff4e043000 	/System/Library/Frameworks/NetFS.framework/Versions/A/NetFS
0x00007fff671bf000 	/System/Library/PrivateFrameworks/NetAuth.framework/Versions/A/NetAuth
0x00007fff70b4b000 	/System/Library/PrivateFrameworks/login.framework/Versions/A/Frameworks/loginsupport.framework/Versions/A/loginsupport
0x00007fff6ec6e000 	/System/Library/PrivateFrameworks/TCC.framework/Versions/A/TCC
0x00007fff5c16c000 	/System/Library/PrivateFrameworks/CoreNLP.framework/Versions/A/CoreNLP
0x00007fff66c52000 	/System/Library/PrivateFrameworks/MetadataUtilities.framework/Versions/A/MetadataUtilities
0x00007fff7241d000 	/usr/lib/libmecabra.dylib
0x00007fff46853000 	/System/Library/Frameworks/ApplicationServices.framework/Versions/A/Frameworks/ATS.framework/Versions/A/ATS
0x00007fff46ba2000 	/System/Library/Frameworks/ApplicationServices.framework/Versions/A/Frameworks/ColorSyncLegacy.framework/Versions/A/ColorSyncLegacy
0x00007fff46c41000 	/System/Library/Frameworks/ApplicationServices.framework/Versions/A/Frameworks/HIServices.framework/Versions/A/HIServices
0x00007fff46c94000 	/System/Library/Frameworks/ApplicationServices.framework/Versions/A/Frameworks/LangAnalysis.framework/Versions/A/LangAnalysis
0x00007fff46ca4000 	/System/Library/Frameworks/ApplicationServices.framework/Versions/A/Frameworks/PrintCore.framework/Versions/A/PrintCore
0x00007fff46cee000 	/System/Library/Frameworks/ApplicationServices.framework/Versions/A/Frameworks/QD.framework/Versions/A/QD
0x00007fff46d28000 	/System/Library/Frameworks/ApplicationServices.framework/Versions/A/Frameworks/SpeechSynthesis.framework/Versions/A/SpeechSynthesis
0x00007fff71664000 	/usr/lib/libcompression.dylib
0x00007fff4d24b000 	/System/Library/Frameworks/MetalPerformanceShaders.framework/Versions/A/MetalPerformanceShaders
0x00007fff4464d000 	/System/Library/Frameworks/Accelerate.framework/Versions/A/Frameworks/vImage.framework/Versions/A/vImage
0x00007fff458a9000 	/System/Library/Frameworks/Accelerate.framework/Versions/A/Frameworks/vecLib.framework/Versions/A/vecLib
0x00007fff45734000 	/System/Library/Frameworks/Accelerate.framework/Versions/A/Frameworks/vecLib.framework/Versions/A/libvMisc.dylib
0x00007fff45593000 	/System/Library/Frameworks/Accelerate.framework/Versions/A/Frameworks/vecLib.framework/Versions/A/libvDSP.dylib
0x00007fff44f42000 	/System/Library/Frameworks/Accelerate.framework/Versions/A/Frameworks/vecLib.framework/Versions/A/libBLAS.dylib
0x00007fff4512e000 	/System/Library/Frameworks/Accelerate.framework/Versions/A/Frameworks/vecLib.framework/Versions/A/libLAPACK.dylib
0x00007fff454e7000 	/System/Library/Frameworks/Accelerate.framework/Versions/A/Frameworks/vecLib.framework/Versions/A/libLinearAlgebra.dylib
0x00007fff45580000 	/System/Library/Frameworks/Accelerate.framework/Versions/A/Frameworks/vecLib.framework/Versions/A/libSparseBLAS.dylib
0x00007fff454fd000 	/System/Library/Frameworks/Accelerate.framework/Versions/A/Frameworks/vecLib.framework/Versions/A/libQuadrature.dylib
0x00007fff450e9000 	/System/Library/Frameworks/Accelerate.framework/Versions/A/Frameworks/vecLib.framework/Versions/A/libBNNS.dylib
0x00007fff45503000 	/System/Library/Frameworks/Accelerate.framework/Versions/A/Frameworks/vecLib.framework/Versions/A/libSparse.dylib
0x00007fff634ae000 	/System/Library/PrivateFrameworks/GPUWrangler.framework/Versions/A/GPUWrangler
0x00007fff65780000 	/System/Library/PrivateFrameworks/IOAccelerator.framework/Versions/A/IOAccelerator
0x00007fff6578b000 	/System/Library/PrivateFrameworks/IOPresentment.framework/Versions/A/IOPresentment
0x00007fff5cf42000 	/System/Library/PrivateFrameworks/DSExternalDisplay.framework/Versions/A/DSExternalDisplay
0x00007fff514bf000 	/System/Library/Frameworks/OpenGL.framework/Versions/A/Libraries/libCoreFSCache.dylib
0x00007fff4d03f000 	/System/Library/Frameworks/MetalPerformanceShaders.framework/Frameworks/MPSCore.framework/Versions/A/MPSCore
0x00007fff4d05f000 	/System/Library/Frameworks/MetalPerformanceShaders.framework/Frameworks/MPSImage.framework/Versions/A/MPSImage
0x00007fff4d104000 	/System/Library/Frameworks/MetalPerformanceShaders.framework/Frameworks/MPSNeuralNetwork.framework/Versions/A/MPSNeuralNetwork
0x00007fff4d0dc000 	/System/Library/Frameworks/MetalPerformanceShaders.framework/Frameworks/MPSMatrix.framework/Versions/A/MPSMatrix
0x00007fff4d230000 	/System/Library/Frameworks/MetalPerformanceShaders.framework/Frameworks/MPSRayIntersector.framework/Versions/A/MPSRayIntersector
0x00007fff66c7b000 	/System/Library/PrivateFrameworks/MetalTools.framework/Versions/A/MetalTools
0x00007fff57e02000 	/System/Library/PrivateFrameworks/AggregateDictionary.framework/Versions/A/AggregateDictionary
0x00007fff711c6000 	/usr/lib/libMobileGestalt.dylib
0x00007fff4a161000 	/System/Library/Frameworks/CoreVideo.framework/Versions/A/CoreVideo
0x00007fff642be000 	/System/Library/PrivateFrameworks/GraphVisualizer.framework/Versions/A/GraphVisualizer
0x00007fff5e13e000 	/System/Library/PrivateFrameworks/FaceCore.framework/Versions/A/FaceCore
0x00007fff50aed000 	/System/Library/Frameworks/OpenCL.framework/Versions/A/OpenCL
0x00007fff70f1e000 	/usr/lib/libFosl_dynamic.dylib
0x00007fff67a2a000 	/System/Library/PrivateFrameworks/OTSVG.framework/Versions/A/OTSVG
0x00007fff46957000 	/System/Library/Frameworks/ApplicationServices.framework/Versions/A/Frameworks/ATS.framework/Versions/A/Resources/libFontParser.dylib
0x00007fff46a6f000 	/System/Library/Frameworks/ApplicationServices.framework/Versions/A/Frameworks/ATS.framework/Versions/A/Resources/libFontRegistry.dylib
0x00007fff4b06f000 	/System/Library/Frameworks/ImageIO.framework/Versions/A/Resources/libJPEG.dylib
0x00007fff4b382000 	/System/Library/Frameworks/ImageIO.framework/Versions/A/Resources/libTIFF.dylib
0x00007fff4b358000 	/System/Library/Frameworks/ImageIO.framework/Versions/A/Resources/libPng.dylib
0x00007fff4af8c000 	/System/Library/Frameworks/ImageIO.framework/Versions/A/Resources/libGIF.dylib
0x00007fff4af91000 	/System/Library/Frameworks/ImageIO.framework/Versions/A/Resources/libJP2.dylib
0x00007fff4b37f000 	/System/Library/Frameworks/ImageIO.framework/Versions/A/Resources/libRadiance.dylib
0x00007fff586ac000 	/System/Library/PrivateFrameworks/AppleJPEG.framework/Versions/A/AppleJPEG
0x00007fff514ca000 	/System/Library/Frameworks/OpenGL.framework/Versions/A/Libraries/libGFXShared.dylib
0x00007fff5168d000 	/System/Library/Frameworks/OpenGL.framework/Versions/A/Libraries/libGLU.dylib
0x00007fff514d3000 	/System/Library/Frameworks/OpenGL.framework/Versions/A/Libraries/libGL.dylib
0x00007fff514df000 	/System/Library/Frameworks/OpenGL.framework/Versions/A/Libraries/libGLImage.dylib
0x00007fff514bc000 	/System/Library/Frameworks/OpenGL.framework/Versions/A/Libraries/libCVMSPluginSupport.dylib
0x00007fff514c5000 	/System/Library/Frameworks/OpenGL.framework/Versions/A/Libraries/libCoreVMClient.dylib
0x00007fff71db5000 	/usr/lib/libcups.2.dylib
0x00007fff4c546000 	/System/Library/Frameworks/Kerberos.framework/Versions/A/Kerberos
0x00007fff4aa6e000 	/System/Library/Frameworks/GSS.framework/Versions/A/GSS
0x00007fff734cb000 	/usr/lib/libresolv.9.dylib
0x00007fff71fa7000 	/usr/lib/libiconv.2.dylib
0x00007fff6441d000 	/System/Library/PrivateFrameworks/Heimdal.framework/Versions/A/Heimdal
0x00007fff71f77000 	/usr/lib/libheimdal-asn1.dylib
0x00007fff50b61000 	/System/Library/Frameworks/OpenDirectory.framework/Versions/A/OpenDirectory
0x00007fff5aed1000 	/System/Library/PrivateFrameworks/CommonAuth.framework/Versions/A/CommonAuth
0x00007fff50b45000 	/System/Library/Frameworks/OpenDirectory.framework/Versions/A/Frameworks/CFOpenDirectory.framework/Versions/A/CFOpenDirectory
0x00007fff53c05000 	/System/Library/Frameworks/SecurityFoundation.framework/Versions/A/SecurityFoundation
0x00007fff5734b000 	/System/Library/PrivateFrameworks/APFS.framework/Versions/A/APFS
0x00007fff73920000 	/usr/lib/libutil.dylib
0x00007fff71652000 	/usr/lib/libcharset.1.dylib
0x00007fff58949000 	/System/Library/PrivateFrameworks/AppleSauce.framework/Versions/A/AppleSauce
0x00007fff58aca000 	/System/Library/PrivateFrameworks/AssertionServices.framework/Versions/A/AssertionServices
0x00007fff591fa000 	/System/Library/PrivateFrameworks/BaseBoard.framework/Versions/A/BaseBoard
0x00007fff72378000 	/usr/lib/libmecab.1.0.0.dylib
0x00007fff71f71000 	/usr/lib/libgermantok.dylib
0x00007fff713a2000 	/usr/lib/libThaiTokenizer.dylib
0x00007fff70e4e000 	/usr/lib/libChineseTokenizer.dylib
0x00007fff65e39000 	/System/Library/PrivateFrameworks/LanguageModeling.framework/Versions/A/LanguageModeling
0x00007fff5bbb2000 	/System/Library/PrivateFrameworks/CoreEmoji.framework/Versions/A/CoreEmoji
0x00007fff65f15000 	/System/Library/PrivateFrameworks/Lexicon.framework/Versions/A/Lexicon
0x00007fff65f58000 	/System/Library/PrivateFrameworks/LinguisticData.framework/Versions/A/LinguisticData
0x00007fff71653000 	/usr/lib/libcmph.dylib
0x00007fff53cc3000 	/System/Library/Frameworks/ServiceManagement.framework/Versions/A/ServiceManagement
0x00007fff5915b000 	/System/Library/PrivateFrameworks/BackgroundTaskManagement.framework/Versions/A/BackgroundTaskManagement
0x00007fff73a19000 	/usr/lib/libxslt.1.dylib
0x00007fff479c2000 	/System/Library/Frameworks/Carbon.framework/Versions/A/Frameworks/Ink.framework/Versions/A/Ink
0x00007fff6eee0000 	/System/Library/PrivateFrameworks/TextureIO.framework/Versions/A/TextureIO
0x00007fff713f6000 	/usr/lib/libate.dylib
0x00007fff5ce91000 	/System/Library/PrivateFrameworks/CrashReporterSupport.framework/Versions/A/CrashReporterSupport
0x00007fff6c61f000 	/System/Library/PrivateFrameworks/Sharing.framework/Versions/A/Sharing
0x00007fff58ead000 	/System/Library/PrivateFrameworks/AuthKit.framework/Versions/A/AuthKit
0x00007fff58401000 	/System/Library/PrivateFrameworks/Apple80211.framework/Versions/A/Apple80211
0x00007fff5cc3b000 	/System/Library/PrivateFrameworks/CoreUtils.framework/Versions/A/CoreUtils
0x00007fff4a1a1000 	/System/Library/Frameworks/CoreWLAN.framework/Versions/A/CoreWLAN
0x00007fff4ab9d000 	/System/Library/Frameworks/IOBluetooth.framework/Versions/A/IOBluetooth
0x00007fff6aa9f000 	/System/Library/PrivateFrameworks/ProtocolBuffer.framework/Versions/A/ProtocolBuffer
0x00007fff66eb5000 	/System/Library/PrivateFrameworks/MobileKeyBag.framework/Versions/A/MobileKeyBag
0x00007fff5c47f000 	/System/Library/PrivateFrameworks/CorePhoneNumbers.framework/Versions/A/CorePhoneNumbers
0x00007fff58660000 	/System/Library/PrivateFrameworks/AppleIDAuthSupport.framework/Versions/A/AppleIDAuthSupport
0x00007fff65e0c000 	/System/Library/PrivateFrameworks/KeychainCircle.framework/Versions/A/KeychainCircle
0x00007fff6ac55000 	/System/Library/PrivateFrameworks/ROCKit.framework/Versions/A/ROCKit
0x00007fff5ce2d000 	/System/Library/PrivateFrameworks/CoreWiFi.framework/Versions/A/CoreWiFi
0x00007fff47f0d000 	/System/Library/Frameworks/CoreBluetooth.framework/Versions/A/CoreBluetooth
0x00007fff5d088000 	/System/Library/PrivateFrameworks/DebugSymbols.framework/Versions/A/DebugSymbols
0x00007fff5c9fb000 	/System/Library/PrivateFrameworks/CoreSymbolication.framework/Versions/A/CoreSymbolication
0x00007fff6e6fb000 	/System/Library/PrivateFrameworks/Symbolication.framework/Versions/A/Symbolication
0x00007fff6df9e000 	/System/Library/PrivateFrameworks/SpeechRecognitionCore.framework/Versions/A/SpeechRecognitionCore
0x000000010d056000 	/Library/Java/JavaVirtualMachines/adoptopenjdk-8.jdk/Contents/Home/jre/lib/server/libjvm.dylib
0x00007fff737fb000 	/usr/lib/libstdc++.6.dylib
0x000000010db70000 	/Library/Java/JavaVirtualMachines/adoptopenjdk-8.jdk/Contents/Home/jre/lib/libverify.dylib
0x000000010db7f000 	/Library/Java/JavaVirtualMachines/adoptopenjdk-8.jdk/Contents/Home/jre/lib/libjava.dylib
0x000000010e408000 	/Library/Java/JavaVirtualMachines/adoptopenjdk-8.jdk/Contents/Home/jre/lib/libzip.dylib
0x0000000112d8a000 	/Library/Java/JavaVirtualMachines/adoptopenjdk-8.jdk/Contents/Home/jre/lib/libnet.dylib
0x0000000112e55000 	/Library/Java/JavaVirtualMachines/adoptopenjdk-8.jdk/Contents/Home/jre/lib/libnio.dylib
0x0000000112846000 	/Users/sajjad/.gradle/native/25/osx-amd64/libnative-platform.dylib
0x0000000113114000 	/Library/Java/JavaVirtualMachines/adoptopenjdk-8.jdk/Contents/Home/jre/lib/libmanagement.dylib
0x00000001135e2000 	/Library/Java/JavaVirtualMachines/adoptopenjdk-8.jdk/Contents/Home/jre/lib/libsunec.dylib

VM Arguments:
jvm_args: -XX:+HeapDumpOnOutOfMemoryError -Xmx1024m -Dfile.encoding=UTF-8 -Duser.country=US -Duser.language=en -Duser.variant 
java_command: org.gradle.launcher.daemon.bootstrap.GradleDaemon 4.10.2
java_class_path (initial): /Users/sajjad/.gradle/wrapper/dists/gradle-4.10.2-all/9fahxiiecdb76a5g3aw9oi8rv/gradle-4.10.2/lib/gradle-launcher-4.10.2.jar
Launcher Type: SUN_STANDARD

Environment Variables:
PATH=/usr/bin:/bin:/usr/sbin:/sbin:/usr/local/bin:/Users/sajjad/Library/Android/sdk/platform-tools/
SHELL=/bin/bash

Signal Handlers:
SIGSEGV: [libjvm.dylib+0x58618b], sa_mask[0]=11111111011111110111111111111111, sa_flags=SA_ONSTACK|SA_RESTART|SA_SIGINFO
SIGBUS: [libjvm.dylib+0x58618b], sa_mask[0]=11111111011111110111111111111111, sa_flags=SA_RESTART|SA_SIGINFO
SIGFPE: [libjvm.dylib+0x4614ec], sa_mask[0]=11111111011111110111111111111111, sa_flags=SA_RESTART|SA_SIGINFO
SIGPIPE: [libjvm.dylib+0x4614ec], sa_mask[0]=11111111011111110111111111111111, sa_flags=SA_RESTART|SA_SIGINFO
SIGXFSZ: [libjvm.dylib+0x4614ec], sa_mask[0]=11111111011111110111111111111111, sa_flags=SA_RESTART|SA_SIGINFO
SIGILL: [libjvm.dylib+0x4614ec], sa_mask[0]=11111111011111110111111111111111, sa_flags=SA_RESTART|SA_SIGINFO
SIGUSR1: SIG_DFL, sa_mask[0]=00000000000000000000000000000000, sa_flags=SA_RESTART
SIGUSR2: [libjvm.dylib+0x46100a], sa_mask[0]=00100000000000000000000000000000, sa_flags=SA_RESTART|SA_SIGINFO
SIGHUP: [libjvm.dylib+0x45f595], sa_mask[0]=11111111011111110111111111111111, sa_flags=SA_RESTART|SA_SIGINFO
SIGINT: [libjvm.dylib+0x45f595], sa_mask[0]=11111111011111110111111111111111, sa_flags=SA_RESTART|SA_SIGINFO
SIGTERM: [libjvm.dylib+0x45f595], sa_mask[0]=11111111011111110111111111111111, sa_flags=SA_RESTART|SA_SIGINFO
SIGQUIT: [libjvm.dylib+0x45f595], sa_mask[0]=11111111011111110111111111111111, sa_flags=SA_RESTART|SA_SIGINFO


---------------  S Y S T E M  ---------------

OS:Bsduname:Darwin 18.6.0 Darwin Kernel Version 18.6.0: Thu Apr 25 23:16:27 PDT 2019; root:xnu-4903.261.4~2/RELEASE_X86_64 x86_64
rlimit: STACK 8192k, CORE 0k, NPROC 1418, NOFILE 10240, AS infinity
load average:7.92 4.27 3.66

CPU:total 4 (initial active 4) (2 cores per cpu, 2 threads per core) family 6 model 58 stepping 9, cmov, cx8, fxsr, mmx, sse, sse2, sse3, ssse3, sse4.1, sse4.2, popcnt, avx, aes, clmul, erms, ht, tsc, tscinvbit, tscinv

Memory: 4k page, physical 16777216k(104016k free)

/proc/meminfo:


vm_info: OpenJDK 64-Bit Server VM (25.222-b10) for bsd-amd64 JRE (1.8.0_222-b10), built on Jul 17 2019 01:08:37 by "jenkins" with gcc 4.2.1 (Based on Apple Inc. build 5658) (LLVM build 2336.11.00)

time: Tue Aug 20 16:07:19 2019
timezone: PKT
elapsed time: 54 seconds (0d 0h 0m 54s)

